elaboration-part-whole 27
evaluation-n 11
reason 159
temporal-same-time 60
otherwise 3
elaboration-general-specific 336
Interpretation 1
circumstance-e 47
antithesis 330
Comparison 109
Problem-Solution 41
interpretation-s 163
interpretation-n 15
temporal-after 75
Inverted-Sequence 10
enablement-e 1
comparison-e 6
evaluation-s-e 4
means-e 6
elaboration-set-member 69
question-answer-s 2
contingency 23
conclusion 5
question-answer-n 4
comment 137
manner-e 7
attribution 2474
evaluation-s 147
Topic-Shift 109
concession 230
summary-n 56
Topic-Comment 3
enablement 26
concession-e 12
elaboration-general-specific-e 48
summary-s 19
explanation-argumentative-e 4
problem-solution-n 5
circumstance 545
problem-solution-s 6
Consequence 24
hypothetical 36
restatement 60
result-e 3
elaboration-additional-e 747
Proportion 1
condition-e 15
reason-e 3
elaboration-object-attribute-e 2274
explanation-argumentative 524
Same-Unit 1230
preference 12
background 194
antithesis-e 14
Statement-Response 21
consequence-s-e 7
evidence-e 2
cause 47
elaboration-process-step 1
Analogy 1
definition-e 12
Evaluation 5
temporal-after-e 4
purpose-e 43
Sequence 175
comment-e 9
example-e 45
temporal-same-time-e 3
condition 170
means 102
statement-response-n 2
statement-response-s 3
comparison 125
preference-e 1
Disjunction 21
elaboration-set-member-e 42
consequence-n 115
temporal-before-e 2
Topic-Drift 71
elaboration-object-attribute 60
consequence-s 216
example 241
rhetorical-question 15
result 118
Comment-Topic 2
attribution-n 54
analogy-e 4
evidence 151
Question-Answer 22
TextualOrganization 147
purpose 430
Otherwise 11
topic-shift 4
elaboration-additional 2912
Contrast 358
List 1690
Reason 6
interpretation-s-e 5
elaboration-part-whole-e 14
Temporal-Same-Time 62
definition 51
temporal-before 35
Cause-Result 51
consequence-n-e 4
analogy 14
Root 342
attribution-e 113
manner 76
topic-drift 3
restatement-e 53
